Problem:    ordini
Rows:       851
Columns:    121 (100 integer, 100 binary)
Non-zeros:  2501
Status:     INTEGER OPTIMAL
Objective:  z2 = 31 (MINimum)

   No.   Row name        Activity     Lower bound   Upper bound
------ ------------    ------------- ------------- -------------
     1 NoLoop[1,2,3]
                                   2                           2 
     2 NoLoop[1,2,4]
                                   2                           2 
     3 NoLoop[1,2,5]
                                   2                           2 
     4 NoLoop[1,2,6]
                                   1                           2 
     5 NoLoop[1,2,7]
                                   2                           2 
     6 NoLoop[1,2,8]
                                   2                           2 
     7 NoLoop[1,2,9]
                                   2                           2 
     8 NoLoop[1,2,10]
                                   2                           2 
     9 NoLoop[1,3,2]
                                   1                           2 
    10 NoLoop[1,3,4]
                                   1                           2 
    11 NoLoop[1,3,5]
                                   2                           2 
    12 NoLoop[1,3,6]
                                   1                           2 
    13 NoLoop[1,3,7]
                                   1                           2 
    14 NoLoop[1,3,8]
                                   1                           2 
    15 NoLoop[1,3,9]
                                   1                           2 
    16 NoLoop[1,3,10]
                                   1                           2 
    17 NoLoop[1,4,2]
                                   1                           2 
    18 NoLoop[1,4,3]
                                   2                           2 
    19 NoLoop[1,4,5]
                                   2                           2 
    20 NoLoop[1,4,6]
                                   1                           2 
    21 NoLoop[1,4,7]
                                   2                           2 
    22 NoLoop[1,4,8]
                                   2                           2 
    23 NoLoop[1,4,9]
                                   2                           2 
    24 NoLoop[1,4,10]
                                   2                           2 
    25 NoLoop[1,5,2]
                                   1                           2 
    26 NoLoop[1,5,3]
                                   1                           2 
    27 NoLoop[1,5,4]
                                   1                           2 
    28 NoLoop[1,5,6]
                                   1                           2 
    29 NoLoop[1,5,7]
                                   1                           2 
    30 NoLoop[1,5,8]
                                   1                           2 
    31 NoLoop[1,5,9]
                                   1                           2 
    32 NoLoop[1,5,10]
                                   1                           2 
    33 NoLoop[1,6,2]
                                   2                           2 
    34 NoLoop[1,6,3]
                                   2                           2 
    35 NoLoop[1,6,4]
                                   2                           2 
    36 NoLoop[1,6,5]
                                   2                           2 
    37 NoLoop[1,6,7]
                                   2                           2 
    38 NoLoop[1,6,8]
                                   2                           2 
    39 NoLoop[1,6,9]
                                   2                           2 
    40 NoLoop[1,6,10]
                                   2                           2 
    41 NoLoop[1,7,2]
                                   1                           2 
    42 NoLoop[1,7,3]
                                   2                           2 
    43 NoLoop[1,7,4]
                                   1                           2 
    44 NoLoop[1,7,5]
                                   2                           2 
    45 NoLoop[1,7,6]
                                   1                           2 
    46 NoLoop[1,7,8]
                                   2                           2 
    47 NoLoop[1,7,9]
                                   1                           2 
    48 NoLoop[1,7,10]
                                   1                           2 
    49 NoLoop[1,8,2]
                                   1                           2 
    50 NoLoop[1,8,3]
                                   2                           2 
    51 NoLoop[1,8,4]
                                   1                           2 
    52 NoLoop[1,8,5]
                                   2                           2 
    53 NoLoop[1,8,6]
                                   1                           2 
    54 NoLoop[1,8,7]
                                   1                           2 
    55 NoLoop[1,8,9]
                                   1                           2 
    56 NoLoop[1,8,10]
                                   1                           2 
    57 NoLoop[1,9,2]
                                   1                           2 
    58 NoLoop[1,9,3]
                                   2                           2 
    59 NoLoop[1,9,4]
                                   1                           2 
    60 NoLoop[1,9,5]
                                   2                           2 
    61 NoLoop[1,9,6]
                                   1                           2 
    62 NoLoop[1,9,7]
                                   2                           2 
    63 NoLoop[1,9,8]
                                   2                           2 
    64 NoLoop[1,9,10]
                                   1                           2 
    65 NoLoop[1,10,2]
                                   1                           2 
    66 NoLoop[1,10,3]
                                   2                           2 
    67 NoLoop[1,10,4]
                                   1                           2 
    68 NoLoop[1,10,5]
                                   2                           2 
    69 NoLoop[1,10,6]
                                   1                           2 
    70 NoLoop[1,10,7]
                                   2                           2 
    71 NoLoop[1,10,8]
                                   2                           2 
    72 NoLoop[1,10,9]
                                   2                           2 
    73 NoLoop[2,1,3]
                                   1                           2 
    74 NoLoop[2,1,4]
                                   1                           2 
    75 NoLoop[2,1,5]
                                   1                           2 
    76 NoLoop[2,1,6]
                                   2                           2 
    77 NoLoop[2,1,7]
                                   1                           2 
    78 NoLoop[2,1,8]
                                   1                           2 
    79 NoLoop[2,1,9]
                                   1                           2 
    80 NoLoop[2,1,10]
                                   1                           2 
    81 NoLoop[2,3,1]
                                   2                           2 
    82 NoLoop[2,3,4]
                                   1                           2 
    83 NoLoop[2,3,5]
                                   2                           2 
    84 NoLoop[2,3,6]
                                   2                           2 
    85 NoLoop[2,3,7]
                                   1                           2 
    86 NoLoop[2,3,8]
                                   1                           2 
    87 NoLoop[2,3,9]
                                   1                           2 
    88 NoLoop[2,3,10]
                                   1                           2 
    89 NoLoop[2,4,1]
                                   2                           2 
    90 NoLoop[2,4,3]
                                   2                           2 
    91 NoLoop[2,4,5]
                                   2                           2 
    92 NoLoop[2,4,6]
                                   2                           2 
    93 NoLoop[2,4,7]
                                   2                           2 
    94 NoLoop[2,4,8]
                                   2                           2 
    95 NoLoop[2,4,9]
                                   2                           2 
    96 NoLoop[2,4,10]
                                   2                           2 
    97 NoLoop[2,5,1]
                                   2                           2 
    98 NoLoop[2,5,3]
                                   1                           2 
    99 NoLoop[2,5,4]
                                   1                           2 
   100 NoLoop[2,5,6]
                                   2                           2 
   101 NoLoop[2,5,7]
                                   1                           2 
   102 NoLoop[2,5,8]
                                   1                           2 
   103 NoLoop[2,5,9]
                                   1                           2 
   104 NoLoop[2,5,10]
                                   1                           2 
   105 NoLoop[2,6,1]
                                   1                           2 
   106 NoLoop[2,6,3]
                                   1                           2 
   107 NoLoop[2,6,4]
                                   1                           2 
   108 NoLoop[2,6,5]
                                   1                           2 
   109 NoLoop[2,6,7]
                                   1                           2 
   110 NoLoop[2,6,8]
                                   1                           2 
   111 NoLoop[2,6,9]
                                   1                           2 
   112 NoLoop[2,6,10]
                                   1                           2 
   113 NoLoop[2,7,1]
                                   2                           2 
   114 NoLoop[2,7,3]
                                   2                           2 
   115 NoLoop[2,7,4]
                                   1                           2 
   116 NoLoop[2,7,5]
                                   2                           2 
   117 NoLoop[2,7,6]
                                   2                           2 
   118 NoLoop[2,7,8]
                                   2                           2 
   119 NoLoop[2,7,9]
                                   1                           2 
   120 NoLoop[2,7,10]
                                   1                           2 
   121 NoLoop[2,8,1]
                                   2                           2 
   122 NoLoop[2,8,3]
                                   2                           2 
   123 NoLoop[2,8,4]
                                   1                           2 
   124 NoLoop[2,8,5]
                                   2                           2 
   125 NoLoop[2,8,6]
                                   2                           2 
   126 NoLoop[2,8,7]
                                   1                           2 
   127 NoLoop[2,8,9]
                                   1                           2 
   128 NoLoop[2,8,10]
                                   1                           2 
   129 NoLoop[2,9,1]
                                   2                           2 
   130 NoLoop[2,9,3]
                                   2                           2 
   131 NoLoop[2,9,4]
                                   1                           2 
   132 NoLoop[2,9,5]
                                   2                           2 
   133 NoLoop[2,9,6]
                                   2                           2 
   134 NoLoop[2,9,7]
                                   2                           2 
   135 NoLoop[2,9,8]
                                   2                           2 
   136 NoLoop[2,9,10]
                                   1                           2 
   137 NoLoop[2,10,1]
                                   2                           2 
   138 NoLoop[2,10,3]
                                   2                           2 
   139 NoLoop[2,10,4]
                                   1                           2 
   140 NoLoop[2,10,5]
                                   2                           2 
   141 NoLoop[2,10,6]
                                   2                           2 
   142 NoLoop[2,10,7]
                                   2                           2 
   143 NoLoop[2,10,8]
                                   2                           2 
   144 NoLoop[2,10,9]
                                   2                           2 
   145 NoLoop[3,1,2]
                                   2                           2 
   146 NoLoop[3,1,4]
                                   2                           2 
   147 NoLoop[3,1,5]
                                   1                           2 
   148 NoLoop[3,1,6]
                                   2                           2 
   149 NoLoop[3,1,7]
                                   2                           2 
   150 NoLoop[3,1,8]
                                   2                           2 
   151 NoLoop[3,1,9]
                                   2                           2 
   152 NoLoop[3,1,10]
                                   2                           2 
   153 NoLoop[3,2,1]
                                   1                           2 
   154 NoLoop[3,2,4]
                                   2                           2 
   155 NoLoop[3,2,5]
                                   1                           2 
   156 NoLoop[3,2,6]
                                   1                           2 
   157 NoLoop[3,2,7]
                                   2                           2 
   158 NoLoop[3,2,8]
                                   2                           2 
   159 NoLoop[3,2,9]
                                   2                           2 
   160 NoLoop[3,2,10]
                                   2                           2 
   161 NoLoop[3,4,1]
                                   1                           2 
   162 NoLoop[3,4,2]
                                   1                           2 
   163 NoLoop[3,4,5]
                                   1                           2 
   164 NoLoop[3,4,6]
                                   1                           2 
   165 NoLoop[3,4,7]
                                   2                           2 
   166 NoLoop[3,4,8]
                                   2                           2 
   167 NoLoop[3,4,9]
                                   2                           2 
   168 NoLoop[3,4,10]
                                   2                           2 
   169 NoLoop[3,5,1]
                                   2                           2 
   170 NoLoop[3,5,2]
                                   2                           2 
   171 NoLoop[3,5,4]
                                   2                           2 
   172 NoLoop[3,5,6]
                                   2                           2 
   173 NoLoop[3,5,7]
                                   2                           2 
   174 NoLoop[3,5,8]
                                   2                           2 
   175 NoLoop[3,5,9]
                                   2                           2 
   176 NoLoop[3,5,10]
                                   2                           2 
   177 NoLoop[3,6,1]
                                   1                           2 
   178 NoLoop[3,6,2]
                                   2                           2 
   179 NoLoop[3,6,4]
                                   2                           2 
   180 NoLoop[3,6,5]
                                   1                           2 
   181 NoLoop[3,6,7]
                                   2                           2 
   182 NoLoop[3,6,8]
                                   2                           2 
   183 NoLoop[3,6,9]
                                   2                           2 
   184 NoLoop[3,6,10]
                                   2                           2 
   185 NoLoop[3,7,1]
                                   1                           2 
   186 NoLoop[3,7,2]
                                   1                           2 
   187 NoLoop[3,7,4]
                                   1                           2 
   188 NoLoop[3,7,5]
                                   1                           2 
   189 NoLoop[3,7,6]
                                   1                           2 
   190 NoLoop[3,7,8]
                                   2                           2 
   191 NoLoop[3,7,9]
                                   1                           2 
   192 NoLoop[3,7,10]
                                   1                           2 
   193 NoLoop[3,8,1]
                                   1                           2 
   194 NoLoop[3,8,2]
                                   1                           2 
   195 NoLoop[3,8,4]
                                   1                           2 
   196 NoLoop[3,8,5]
                                   1                           2 
   197 NoLoop[3,8,6]
                                   1                           2 
   198 NoLoop[3,8,7]
                                   1                           2 
   199 NoLoop[3,8,9]
                                   1                           2 
   200 NoLoop[3,8,10]
                                   1                           2 
   201 NoLoop[3,9,1]
                                   1                           2 
   202 NoLoop[3,9,2]
                                   1                           2 
   203 NoLoop[3,9,4]
                                   1                           2 
   204 NoLoop[3,9,5]
                                   1                           2 
   205 NoLoop[3,9,6]
                                   1                           2 
   206 NoLoop[3,9,7]
                                   2                           2 
   207 NoLoop[3,9,8]
                                   2                           2 
   208 NoLoop[3,9,10]
                                   1                           2 
   209 NoLoop[3,10,1]
                                   1                           2 
   210 NoLoop[3,10,2]
                                   1                           2 
   211 NoLoop[3,10,4]
                                   1                           2 
   212 NoLoop[3,10,5]
                                   1                           2 
   213 NoLoop[3,10,6]
                                   1                           2 
   214 NoLoop[3,10,7]
                                   2                           2 
   215 NoLoop[3,10,8]
                                   2                           2 
   216 NoLoop[3,10,9]
                                   2                           2 
   217 NoLoop[4,1,2]
                                   2                           2 
   218 NoLoop[4,1,3]
                                   1                           2 
   219 NoLoop[4,1,5]
                                   1                           2 
   220 NoLoop[4,1,6]
                                   2                           2 
   221 NoLoop[4,1,7]
                                   1                           2 
   222 NoLoop[4,1,8]
                                   1                           2 
   223 NoLoop[4,1,9]
                                   1                           2 
   224 NoLoop[4,1,10]
                                   1                           2 
   225 NoLoop[4,2,1]
                                   1                           2 
   226 NoLoop[4,2,3]
                                   1                           2 
   227 NoLoop[4,2,5]
                                   1                           2 
   228 NoLoop[4,2,6]
                                   1                           2 
   229 NoLoop[4,2,7]
                                   1                           2 
   230 NoLoop[4,2,8]
                                   1                           2 
   231 NoLoop[4,2,9]
                                   1                           2 
   232 NoLoop[4,2,10]
                                   1                           2 
   233 NoLoop[4,3,1]
                                   2                           2 
   234 NoLoop[4,3,2]
                                   2                           2 
   235 NoLoop[4,3,5]
                                   2                           2 
   236 NoLoop[4,3,6]
                                   2                           2 
   237 NoLoop[4,3,7]
                                   1                           2 
   238 NoLoop[4,3,8]
                                   1                           2 
   239 NoLoop[4,3,9]
                                   1                           2 
   240 NoLoop[4,3,10]
                                   1                           2 
   241 NoLoop[4,5,1]
                                   2                           2 
   242 NoLoop[4,5,2]
                                   2                           2 
   243 NoLoop[4,5,3]
                                   1                           2 
   244 NoLoop[4,5,6]
                                   2                           2 
   245 NoLoop[4,5,7]
                                   1                           2 
   246 NoLoop[4,5,8]
                                   1                           2 
   247 NoLoop[4,5,9]
                                   1                           2 
   248 NoLoop[4,5,10]
                                   1                           2 
   249 NoLoop[4,6,1]
                                   1                           2 
   250 NoLoop[4,6,2]
                                   2                           2 
   251 NoLoop[4,6,3]
                                   1                           2 
   252 NoLoop[4,6,5]
                                   1                           2 
   253 NoLoop[4,6,7]
                                   1                           2 
   254 NoLoop[4,6,8]
                                   1                           2 
   255 NoLoop[4,6,9]
                                   1                           2 
   256 NoLoop[4,6,10]
                                   1                           2 
   257 NoLoop[4,7,1]
                                   2                           2 
   258 NoLoop[4,7,2]
                                   2                           2 
   259 NoLoop[4,7,3]
                                   2                           2 
   260 NoLoop[4,7,5]
                                   2                           2 
   261 NoLoop[4,7,6]
                                   2                           2 
   262 NoLoop[4,7,8]
                                   2                           2 
   263 NoLoop[4,7,9]
                                   1                           2 
   264 NoLoop[4,7,10]
                                   1                           2 
   265 NoLoop[4,8,1]
                                   2                           2 
   266 NoLoop[4,8,2]
                                   2                           2 
   267 NoLoop[4,8,3]
                                   2                           2 
   268 NoLoop[4,8,5]
                                   2                           2 
   269 NoLoop[4,8,6]
                                   2                           2 
   270 NoLoop[4,8,7]
                                   1                           2 
   271 NoLoop[4,8,9]
                                   1                           2 
   272 NoLoop[4,8,10]
                                   1                           2 
   273 NoLoop[4,9,1]
                                   2                           2 
   274 NoLoop[4,9,2]
                                   2                           2 
   275 NoLoop[4,9,3]
                                   2                           2 
   276 NoLoop[4,9,5]
                                   2                           2 
   277 NoLoop[4,9,6]
                                   2                           2 
   278 NoLoop[4,9,7]
                                   2                           2 
   279 NoLoop[4,9,8]
                                   2                           2 
   280 NoLoop[4,9,10]
                                   1                           2 
   281 NoLoop[4,10,1]
                                   2                           2 
   282 NoLoop[4,10,2]
                                   2                           2 
   283 NoLoop[4,10,3]
                                   2                           2 
   284 NoLoop[4,10,5]
                                   2                           2 
   285 NoLoop[4,10,6]
                                   2                           2 
   286 NoLoop[4,10,7]
                                   2                           2 
   287 NoLoop[4,10,8]
                                   2                           2 
   288 NoLoop[4,10,9]
                                   2                           2 
   289 NoLoop[5,1,2]
                                   2                           2 
   290 NoLoop[5,1,3]
                                   2                           2 
   291 NoLoop[5,1,4]
                                   2                           2 
   292 NoLoop[5,1,6]
                                   2                           2 
   293 NoLoop[5,1,7]
                                   2                           2 
   294 NoLoop[5,1,8]
                                   2                           2 
   295 NoLoop[5,1,9]
                                   2                           2 
   296 NoLoop[5,1,10]
                                   2                           2 
   297 NoLoop[5,2,1]
                                   1                           2 
   298 NoLoop[5,2,3]
                                   2                           2 
   299 NoLoop[5,2,4]
                                   2                           2 
   300 NoLoop[5,2,6]
                                   1                           2 
   301 NoLoop[5,2,7]
                                   2                           2 
   302 NoLoop[5,2,8]
                                   2                           2 
   303 NoLoop[5,2,9]
                                   2                           2 
   304 NoLoop[5,2,10]
                                   2                           2 
   305 NoLoop[5,3,1]
                                   1                           2 
   306 NoLoop[5,3,2]
                                   1                           2 
   307 NoLoop[5,3,4]
                                   1                           2 
   308 NoLoop[5,3,6]
                                   1                           2 
   309 NoLoop[5,3,7]
                                   1                           2 
   310 NoLoop[5,3,8]
                                   1                           2 
   311 NoLoop[5,3,9]
                                   1                           2 
   312 NoLoop[5,3,10]
                                   1                           2 
   313 NoLoop[5,4,1]
                                   1                           2 
   314 NoLoop[5,4,2]
                                   1                           2 
   315 NoLoop[5,4,3]
                                   2                           2 
   316 NoLoop[5,4,6]
                                   1                           2 
   317 NoLoop[5,4,7]
                                   2                           2 
   318 NoLoop[5,4,8]
                                   2                           2 
   319 NoLoop[5,4,9]
                                   2                           2 
   320 NoLoop[5,4,10]
                                   2                           2 
   321 NoLoop[5,6,1]
                                   1                           2 
   322 NoLoop[5,6,2]
                                   2                           2 
   323 NoLoop[5,6,3]
                                   2                           2 
   324 NoLoop[5,6,4]
                                   2                           2 
   325 NoLoop[5,6,7]
                                   2                           2 
   326 NoLoop[5,6,8]
                                   2                           2 
   327 NoLoop[5,6,9]
                                   2                           2 
   328 NoLoop[5,6,10]
                                   2                           2 
   329 NoLoop[5,7,1]
                                   1                           2 
   330 NoLoop[5,7,2]
                                   1                           2 
   331 NoLoop[5,7,3]
                                   2                           2 
   332 NoLoop[5,7,4]
                                   1                           2 
   333 NoLoop[5,7,6]
                                   1                           2 
   334 NoLoop[5,7,8]
                                   2                           2 
   335 NoLoop[5,7,9]
                                   1                           2 
   336 NoLoop[5,7,10]
                                   1                           2 
   337 NoLoop[5,8,1]
                                   1                           2 
   338 NoLoop[5,8,2]
                                   1                           2 
   339 NoLoop[5,8,3]
                                   2                           2 
   340 NoLoop[5,8,4]
                                   1                           2 
   341 NoLoop[5,8,6]
                                   1                           2 
   342 NoLoop[5,8,7]
                                   1                           2 
   343 NoLoop[5,8,9]
                                   1                           2 
   344 NoLoop[5,8,10]
                                   1                           2 
   345 NoLoop[5,9,1]
                                   1                           2 
   346 NoLoop[5,9,2]
                                   1                           2 
   347 NoLoop[5,9,3]
                                   2                           2 
   348 NoLoop[5,9,4]
                                   1                           2 
   349 NoLoop[5,9,6]
                                   1                           2 
   350 NoLoop[5,9,7]
                                   2                           2 
   351 NoLoop[5,9,8]
                                   2                           2 
   352 NoLoop[5,9,10]
                                   1                           2 
   353 NoLoop[5,10,1]
                                   1                           2 
   354 NoLoop[5,10,2]
                                   1                           2 
   355 NoLoop[5,10,3]
                                   2                           2 
   356 NoLoop[5,10,4]
                                   1                           2 
   357 NoLoop[5,10,6]
                                   1                           2 
   358 NoLoop[5,10,7]
                                   2                           2 
   359 NoLoop[5,10,8]
                                   2                           2 
   360 NoLoop[5,10,9]
                                   2                           2 
   361 NoLoop[6,1,2]
                                   1                           2 
   362 NoLoop[6,1,3]
                                   1                           2 
   363 NoLoop[6,1,4]
                                   1                           2 
   364 NoLoop[6,1,5]
                                   1                           2 
   365 NoLoop[6,1,7]
                                   1                           2 
   366 NoLoop[6,1,8]
                                   1                           2 
   367 NoLoop[6,1,9]
                                   1                           2 
   368 NoLoop[6,1,10]
                                   1                           2 
   369 NoLoop[6,2,1]
                                   2                           2 
   370 NoLoop[6,2,3]
                                   2                           2 
   371 NoLoop[6,2,4]
                                   2                           2 
   372 NoLoop[6,2,5]
                                   2                           2 
   373 NoLoop[6,2,7]
                                   2                           2 
   374 NoLoop[6,2,8]
                                   2                           2 
   375 NoLoop[6,2,9]
                                   2                           2 
   376 NoLoop[6,2,10]
                                   2                           2 
   377 NoLoop[6,3,1]
                                   2                           2 
   378 NoLoop[6,3,2]
                                   1                           2 
   379 NoLoop[6,3,4]
                                   1                           2 
   380 NoLoop[6,3,5]
                                   2                           2 
   381 NoLoop[6,3,7]
                                   1                           2 
   382 NoLoop[6,3,8]
                                   1                           2 
   383 NoLoop[6,3,9]
                                   1                           2 
   384 NoLoop[6,3,10]
                                   1                           2 
   385 NoLoop[6,4,1]
                                   2                           2 
   386 NoLoop[6,4,2]
                                   1                           2 
   387 NoLoop[6,4,3]
                                   2                           2 
   388 NoLoop[6,4,5]
                                   2                           2 
   389 NoLoop[6,4,7]
                                   2                           2 
   390 NoLoop[6,4,8]
                                   2                           2 
   391 NoLoop[6,4,9]
                                   2                           2 
   392 NoLoop[6,4,10]
                                   2                           2 
   393 NoLoop[6,5,1]
                                   2                           2 
   394 NoLoop[6,5,2]
                                   1                           2 
   395 NoLoop[6,5,3]
                                   1                           2 
   396 NoLoop[6,5,4]
                                   1                           2 
   397 NoLoop[6,5,7]
                                   1                           2 
   398 NoLoop[6,5,8]
                                   1                           2 
   399 NoLoop[6,5,9]
                                   1                           2 
   400 NoLoop[6,5,10]
                                   1                           2 
   401 NoLoop[6,7,1]
                                   2                           2 
   402 NoLoop[6,7,2]
                                   1                           2 
   403 NoLoop[6,7,3]
                                   2                           2 
   404 NoLoop[6,7,4]
                                   1                           2 
   405 NoLoop[6,7,5]
                                   2                           2 
   406 NoLoop[6,7,8]
                                   2                           2 
   407 NoLoop[6,7,9]
                                   1                           2 
   408 NoLoop[6,7,10]
                                   1                           2 
   409 NoLoop[6,8,1]
                                   2                           2 
   410 NoLoop[6,8,2]
                                   1                           2 
   411 NoLoop[6,8,3]
                                   2                           2 
   412 NoLoop[6,8,4]
                                   1                           2 
   413 NoLoop[6,8,5]
                                   2                           2 
   414 NoLoop[6,8,7]
                                   1                           2 
   415 NoLoop[6,8,9]
                                   1                           2 
   416 NoLoop[6,8,10]
                                   1                           2 
   417 NoLoop[6,9,1]
                                   2                           2 
   418 NoLoop[6,9,2]
                                   1                           2 
   419 NoLoop[6,9,3]
                                   2                           2 
   420 NoLoop[6,9,4]
                                   1                           2 
   421 NoLoop[6,9,5]
                                   2                           2 
   422 NoLoop[6,9,7]
                                   2                           2 
   423 NoLoop[6,9,8]
                                   2                           2 
   424 NoLoop[6,9,10]
                                   1                           2 
   425 NoLoop[6,10,1]
                                   2                           2 
   426 NoLoop[6,10,2]
                                   1                           2 
   427 NoLoop[6,10,3]
                                   2                           2 
   428 NoLoop[6,10,4]
                                   1                           2 
   429 NoLoop[6,10,5]
                                   2                           2 
   430 NoLoop[6,10,7]
                                   2                           2 
   431 NoLoop[6,10,8]
                                   2                           2 
   432 NoLoop[6,10,9]
                                   2                           2 
   433 NoLoop[7,1,2]
                                   2                           2 
   434 NoLoop[7,1,3]
                                   1                           2 
   435 NoLoop[7,1,4]
                                   2                           2 
   436 NoLoop[7,1,5]
                                   1                           2 
   437 NoLoop[7,1,6]
                                   2                           2 
   438 NoLoop[7,1,8]
                                   1                           2 
   439 NoLoop[7,1,9]
                                   2                           2 
   440 NoLoop[7,1,10]
                                   2                           2 
   441 NoLoop[7,2,1]
                                   1                           2 
   442 NoLoop[7,2,3]
                                   1                           2 
   443 NoLoop[7,2,4]
                                   2                           2 
   444 NoLoop[7,2,5]
                                   1                           2 
   445 NoLoop[7,2,6]
                                   1                           2 
   446 NoLoop[7,2,8]
                                   1                           2 
   447 NoLoop[7,2,9]
                                   2                           2 
   448 NoLoop[7,2,10]
                                   2                           2 
   449 NoLoop[7,3,1]
                                   2                           2 
   450 NoLoop[7,3,2]
                                   2                           2 
   451 NoLoop[7,3,4]
                                   2                           2 
   452 NoLoop[7,3,5]
                                   2                           2 
   453 NoLoop[7,3,6]
                                   2                           2 
   454 NoLoop[7,3,8]
                                   1                           2 
   455 NoLoop[7,3,9]
                                   2                           2 
   456 NoLoop[7,3,10]
                                   2                           2 
   457 NoLoop[7,4,1]
                                   1                           2 
   458 NoLoop[7,4,2]
                                   1                           2 
   459 NoLoop[7,4,3]
                                   1                           2 
   460 NoLoop[7,4,5]
                                   1                           2 
   461 NoLoop[7,4,6]
                                   1                           2 
   462 NoLoop[7,4,8]
                                   1                           2 
   463 NoLoop[7,4,9]
                                   2                           2 
   464 NoLoop[7,4,10]
                                   2                           2 
   465 NoLoop[7,5,1]
                                   2                           2 
   466 NoLoop[7,5,2]
                                   2                           2 
   467 NoLoop[7,5,3]
                                   1                           2 
   468 NoLoop[7,5,4]
                                   2                           2 
   469 NoLoop[7,5,6]
                                   2                           2 
   470 NoLoop[7,5,8]
                                   1                           2 
   471 NoLoop[7,5,9]
                                   2                           2 
   472 NoLoop[7,5,10]
                                   2                           2 
   473 NoLoop[7,6,1]
                                   1                           2 
   474 NoLoop[7,6,2]
                                   2                           2 
   475 NoLoop[7,6,3]
                                   1                           2 
   476 NoLoop[7,6,4]
                                   2                           2 
   477 NoLoop[7,6,5]
                                   1                           2 
   478 NoLoop[7,6,8]
                                   1                           2 
   479 NoLoop[7,6,9]
                                   2                           2 
   480 NoLoop[7,6,10]
                                   2                           2 
   481 NoLoop[7,8,1]
                                   2                           2 
   482 NoLoop[7,8,2]
                                   2                           2 
   483 NoLoop[7,8,3]
                                   2                           2 
   484 NoLoop[7,8,4]
                                   2                           2 
   485 NoLoop[7,8,5]
                                   2                           2 
   486 NoLoop[7,8,6]
                                   2                           2 
   487 NoLoop[7,8,9]
                                   2                           2 
   488 NoLoop[7,8,10]
                                   2                           2 
   489 NoLoop[7,9,1]
                                   1                           2 
   490 NoLoop[7,9,2]
                                   1                           2 
   491 NoLoop[7,9,3]
                                   1                           2 
   492 NoLoop[7,9,4]
                                   1                           2 
   493 NoLoop[7,9,5]
                                   1                           2 
   494 NoLoop[7,9,6]
                                   1                           2 
   495 NoLoop[7,9,8]
                                   1                           2 
   496 NoLoop[7,9,10]
                                   1                           2 
   497 NoLoop[7,10,1]
                                   1                           2 
   498 NoLoop[7,10,2]
                                   1                           2 
   499 NoLoop[7,10,3]
                                   1                           2 
   500 NoLoop[7,10,4]
                                   1                           2 
   501 NoLoop[7,10,5]
                                   1                           2 
   502 NoLoop[7,10,6]
                                   1                           2 
   503 NoLoop[7,10,8]
                                   1                           2 
   504 NoLoop[7,10,9]
                                   2                           2 
   505 NoLoop[8,1,2]
                                   2                           2 
   506 NoLoop[8,1,3]
                                   1                           2 
   507 NoLoop[8,1,4]
                                   2                           2 
   508 NoLoop[8,1,5]
                                   1                           2 
   509 NoLoop[8,1,6]
                                   2                           2 
   510 NoLoop[8,1,7]
                                   2                           2 
   511 NoLoop[8,1,9]
                                   2                           2 
   512 NoLoop[8,1,10]
                                   2                           2 
   513 NoLoop[8,2,1]
                                   1                           2 
   514 NoLoop[8,2,3]
                                   1                           2 
   515 NoLoop[8,2,4]
                                   2                           2 
   516 NoLoop[8,2,5]
                                   1                           2 
   517 NoLoop[8,2,6]
                                   1                           2 
   518 NoLoop[8,2,7]
                                   2                           2 
   519 NoLoop[8,2,9]
                                   2                           2 
   520 NoLoop[8,2,10]
                                   2                           2 
   521 NoLoop[8,3,1]
                                   2                           2 
   522 NoLoop[8,3,2]
                                   2                           2 
   523 NoLoop[8,3,4]
                                   2                           2 
   524 NoLoop[8,3,5]
                                   2                           2 
   525 NoLoop[8,3,6]
                                   2                           2 
   526 NoLoop[8,3,7]
                                   2                           2 
   527 NoLoop[8,3,9]
                                   2                           2 
   528 NoLoop[8,3,10]
                                   2                           2 
   529 NoLoop[8,4,1]
                                   1                           2 
   530 NoLoop[8,4,2]
                                   1                           2 
   531 NoLoop[8,4,3]
                                   1                           2 
   532 NoLoop[8,4,5]
                                   1                           2 
   533 NoLoop[8,4,6]
                                   1                           2 
   534 NoLoop[8,4,7]
                                   2                           2 
   535 NoLoop[8,4,9]
                                   2                           2 
   536 NoLoop[8,4,10]
                                   2                           2 
   537 NoLoop[8,5,1]
                                   2                           2 
   538 NoLoop[8,5,2]
                                   2                           2 
   539 NoLoop[8,5,3]
                                   1                           2 
   540 NoLoop[8,5,4]
                                   2                           2 
   541 NoLoop[8,5,6]
                                   2                           2 
   542 NoLoop[8,5,7]
                                   2                           2 
   543 NoLoop[8,5,9]
                                   2                           2 
   544 NoLoop[8,5,10]
                                   2                           2 
   545 NoLoop[8,6,1]
                                   1                           2 
   546 NoLoop[8,6,2]
                                   2                           2 
   547 NoLoop[8,6,3]
                                   1                           2 
   548 NoLoop[8,6,4]
                                   2                           2 
   549 NoLoop[8,6,5]
                                   1                           2 
   550 NoLoop[8,6,7]
                                   2                           2 
   551 NoLoop[8,6,9]
                                   2                           2 
   552 NoLoop[8,6,10]
                                   2                           2 
   553 NoLoop[8,7,1]
                                   1                           2 
   554 NoLoop[8,7,2]
                                   1                           2 
   555 NoLoop[8,7,3]
                                   1                           2 
   556 NoLoop[8,7,4]
                                   1                           2 
   557 NoLoop[8,7,5]
                                   1                           2 
   558 NoLoop[8,7,6]
                                   1                           2 
   559 NoLoop[8,7,9]
                                   1                           2 
   560 NoLoop[8,7,10]
                                   1                           2 
   561 NoLoop[8,9,1]
                                   1                           2 
   562 NoLoop[8,9,2]
                                   1                           2 
   563 NoLoop[8,9,3]
                                   1                           2 
   564 NoLoop[8,9,4]
                                   1                           2 
   565 NoLoop[8,9,5]
                                   1                           2 
   566 NoLoop[8,9,6]
                                   1                           2 
   567 NoLoop[8,9,7]
                                   2                           2 
   568 NoLoop[8,9,10]
                                   1                           2 
   569 NoLoop[8,10,1]
                                   1                           2 
   570 NoLoop[8,10,2]
                                   1                           2 
   571 NoLoop[8,10,3]
                                   1                           2 
   572 NoLoop[8,10,4]
                                   1                           2 
   573 NoLoop[8,10,5]
                                   1                           2 
   574 NoLoop[8,10,6]
                                   1                           2 
   575 NoLoop[8,10,7]
                                   2                           2 
   576 NoLoop[8,10,9]
                                   2                           2 
   577 NoLoop[9,1,2]
                                   2                           2 
   578 NoLoop[9,1,3]
                                   1                           2 
   579 NoLoop[9,1,4]
                                   2                           2 
   580 NoLoop[9,1,5]
                                   1                           2 
   581 NoLoop[9,1,6]
                                   2                           2 
   582 NoLoop[9,1,7]
                                   1                           2 
   583 NoLoop[9,1,8]
                                   1                           2 
   584 NoLoop[9,1,10]
                                   2                           2 
   585 NoLoop[9,2,1]
                                   1                           2 
   586 NoLoop[9,2,3]
                                   1                           2 
   587 NoLoop[9,2,4]
                                   2                           2 
   588 NoLoop[9,2,5]
                                   1                           2 
   589 NoLoop[9,2,6]
                                   1                           2 
   590 NoLoop[9,2,7]
                                   1                           2 
   591 NoLoop[9,2,8]
                                   1                           2 
   592 NoLoop[9,2,10]
                                   2                           2 
   593 NoLoop[9,3,1]
                                   2                           2 
   594 NoLoop[9,3,2]
                                   2                           2 
   595 NoLoop[9,3,4]
                                   2                           2 
   596 NoLoop[9,3,5]
                                   2                           2 
   597 NoLoop[9,3,6]
                                   2                           2 
   598 NoLoop[9,3,7]
                                   1                           2 
   599 NoLoop[9,3,8]
                                   1                           2 
   600 NoLoop[9,3,10]
                                   2                           2 
   601 NoLoop[9,4,1]
                                   1                           2 
   602 NoLoop[9,4,2]
                                   1                           2 
   603 NoLoop[9,4,3]
                                   1                           2 
   604 NoLoop[9,4,5]
                                   1                           2 
   605 NoLoop[9,4,6]
                                   1                           2 
   606 NoLoop[9,4,7]
                                   1                           2 
   607 NoLoop[9,4,8]
                                   1                           2 
   608 NoLoop[9,4,10]
                                   2                           2 
   609 NoLoop[9,5,1]
                                   2                           2 
   610 NoLoop[9,5,2]
                                   2                           2 
   611 NoLoop[9,5,3]
                                   1                           2 
   612 NoLoop[9,5,4]
                                   2                           2 
   613 NoLoop[9,5,6]
                                   2                           2 
   614 NoLoop[9,5,7]
                                   1                           2 
   615 NoLoop[9,5,8]
                                   1                           2 
   616 NoLoop[9,5,10]
                                   2                           2 
   617 NoLoop[9,6,1]
                                   1                           2 
   618 NoLoop[9,6,2]
                                   2                           2 
   619 NoLoop[9,6,3]
                                   1                           2 
   620 NoLoop[9,6,4]
                                   2                           2 
   621 NoLoop[9,6,5]
                                   1                           2 
   622 NoLoop[9,6,7]
                                   1                           2 
   623 NoLoop[9,6,8]
                                   1                           2 
   624 NoLoop[9,6,10]
                                   2                           2 
   625 NoLoop[9,7,1]
                                   2                           2 
   626 NoLoop[9,7,2]
                                   2                           2 
   627 NoLoop[9,7,3]
                                   2                           2 
   628 NoLoop[9,7,4]
                                   2                           2 
   629 NoLoop[9,7,5]
                                   2                           2 
   630 NoLoop[9,7,6]
                                   2                           2 
   631 NoLoop[9,7,8]
                                   2                           2 
   632 NoLoop[9,7,10]
                                   2                           2 
   633 NoLoop[9,8,1]
                                   2                           2 
   634 NoLoop[9,8,2]
                                   2                           2 
   635 NoLoop[9,8,3]
                                   2                           2 
   636 NoLoop[9,8,4]
                                   2                           2 
   637 NoLoop[9,8,5]
                                   2                           2 
   638 NoLoop[9,8,6]
                                   2                           2 
   639 NoLoop[9,8,7]
                                   1                           2 
   640 NoLoop[9,8,10]
                                   2                           2 
   641 NoLoop[9,10,1]
                                   1                           2 
   642 NoLoop[9,10,2]
                                   1                           2 
   643 NoLoop[9,10,3]
                                   1                           2 
   644 NoLoop[9,10,4]
                                   1                           2 
   645 NoLoop[9,10,5]
                                   1                           2 
   646 NoLoop[9,10,6]
                                   1                           2 
   647 NoLoop[9,10,7]
                                   1                           2 
   648 NoLoop[9,10,8]
                                   1                           2 
   649 NoLoop[10,1,2]
                                   2                           2 
   650 NoLoop[10,1,3]
                                   1                           2 
   651 NoLoop[10,1,4]
                                   2                           2 
   652 NoLoop[10,1,5]
                                   1                           2 
   653 NoLoop[10,1,6]
                                   2                           2 
   654 NoLoop[10,1,7]
                                   1                           2 
   655 NoLoop[10,1,8]
                                   1                           2 
   656 NoLoop[10,1,9]
                                   1                           2 
   657 NoLoop[10,2,1]
                                   1                           2 
   658 NoLoop[10,2,3]
                                   1                           2 
   659 NoLoop[10,2,4]
                                   2                           2 
   660 NoLoop[10,2,5]
                                   1                           2 
   661 NoLoop[10,2,6]
                                   1                           2 
   662 NoLoop[10,2,7]
                                   1                           2 
   663 NoLoop[10,2,8]
                                   1                           2 
   664 NoLoop[10,2,9]
                                   1                           2 
   665 NoLoop[10,3,1]
                                   2                           2 
   666 NoLoop[10,3,2]
                                   2                           2 
   667 NoLoop[10,3,4]
                                   2                           2 
   668 NoLoop[10,3,5]
                                   2                           2 
   669 NoLoop[10,3,6]
                                   2                           2 
   670 NoLoop[10,3,7]
                                   1                           2 
   671 NoLoop[10,3,8]
                                   1                           2 
   672 NoLoop[10,3,9]
                                   1                           2 
   673 NoLoop[10,4,1]
                                   1                           2 
   674 NoLoop[10,4,2]
                                   1                           2 
   675 NoLoop[10,4,3]
                                   1                           2 
   676 NoLoop[10,4,5]
                                   1                           2 
   677 NoLoop[10,4,6]
                                   1                           2 
   678 NoLoop[10,4,7]
                                   1                           2 
   679 NoLoop[10,4,8]
                                   1                           2 
   680 NoLoop[10,4,9]
                                   1                           2 
   681 NoLoop[10,5,1]
                                   2                           2 
   682 NoLoop[10,5,2]
                                   2                           2 
   683 NoLoop[10,5,3]
                                   1                           2 
   684 NoLoop[10,5,4]
                                   2                           2 
   685 NoLoop[10,5,6]
                                   2                           2 
   686 NoLoop[10,5,7]
                                   1                           2 
   687 NoLoop[10,5,8]
                                   1                           2 
   688 NoLoop[10,5,9]
                                   1                           2 
   689 NoLoop[10,6,1]
                                   1                           2 
   690 NoLoop[10,6,2]
                                   2                           2 
   691 NoLoop[10,6,3]
                                   1                           2 
   692 NoLoop[10,6,4]
                                   2                           2 
   693 NoLoop[10,6,5]
                                   1                           2 
   694 NoLoop[10,6,7]
                                   1                           2 
   695 NoLoop[10,6,8]
                                   1                           2 
   696 NoLoop[10,6,9]
                                   1                           2 
   697 NoLoop[10,7,1]
                                   2                           2 
   698 NoLoop[10,7,2]
                                   2                           2 
   699 NoLoop[10,7,3]
                                   2                           2 
   700 NoLoop[10,7,4]
                                   2                           2 
   701 NoLoop[10,7,5]
                                   2                           2 
   702 NoLoop[10,7,6]
                                   2                           2 
   703 NoLoop[10,7,8]
                                   2                           2 
   704 NoLoop[10,7,9]
                                   1                           2 
   705 NoLoop[10,8,1]
                                   2                           2 
   706 NoLoop[10,8,2]
                                   2                           2 
   707 NoLoop[10,8,3]
                                   2                           2 
   708 NoLoop[10,8,4]
                                   2                           2 
   709 NoLoop[10,8,5]
                                   2                           2 
   710 NoLoop[10,8,6]
                                   2                           2 
   711 NoLoop[10,8,7]
                                   1                           2 
   712 NoLoop[10,8,9]
                                   1                           2 
   713 NoLoop[10,9,1]
                                   2                           2 
   714 NoLoop[10,9,2]
                                   2                           2 
   715 NoLoop[10,9,3]
                                   2                           2 
   716 NoLoop[10,9,4]
                                   2                           2 
   717 NoLoop[10,9,5]
                                   2                           2 
   718 NoLoop[10,9,6]
                                   2                           2 
   719 NoLoop[10,9,7]
                                   2                           2 
   720 NoLoop[10,9,8]
                                   2                           2 
   721 Diagonal[1]                 0            -0             = 
   722 Diagonal[2]                 0            -0             = 
   723 Diagonal[3]                 0            -0             = 
   724 Diagonal[4]                 0            -0             = 
   725 Diagonal[5]                 0            -0             = 
   726 Diagonal[6]                 0            -0             = 
   727 Diagonal[7]                 0            -0             = 
   728 Diagonal[8]                 0            -0             = 
   729 Diagonal[9]                 0            -0             = 
   730 Diagonal[10]                0            -0             = 
   731 Preced[1,2]                 1             1             = 
   732 Preced[1,3]                 1             1             = 
   733 Preced[1,4]                 1             1             = 
   734 Preced[1,5]                 1             1             = 
   735 Preced[1,6]                 1             1             = 
   736 Preced[1,7]                 1             1             = 
   737 Preced[1,8]                 1             1             = 
   738 Preced[1,9]                 1             1             = 
   739 Preced[1,10]                1             1             = 
   740 Preced[2,1]                 1             1             = 
   741 Preced[2,3]                 1             1             = 
   742 Preced[2,4]                 1             1             = 
   743 Preced[2,5]                 1             1             = 
   744 Preced[2,6]                 1             1             = 
   745 Preced[2,7]                 1             1             = 
   746 Preced[2,8]                 1             1             = 
   747 Preced[2,9]                 1             1             = 
   748 Preced[2,10]                1             1             = 
   749 Preced[3,1]                 1             1             = 
   750 Preced[3,2]                 1             1             = 
   751 Preced[3,4]                 1             1             = 
   752 Preced[3,5]                 1             1             = 
   753 Preced[3,6]                 1             1             = 
   754 Preced[3,7]                 1             1             = 
   755 Preced[3,8]                 1             1             = 
   756 Preced[3,9]                 1             1             = 
   757 Preced[3,10]                1             1             = 
   758 Preced[4,1]                 1             1             = 
   759 Preced[4,2]                 1             1             = 
   760 Preced[4,3]                 1             1             = 
   761 Preced[4,5]                 1             1             = 
   762 Preced[4,6]                 1             1             = 
   763 Preced[4,7]                 1             1             = 
   764 Preced[4,8]                 1             1             = 
   765 Preced[4,9]                 1             1             = 
   766 Preced[4,10]                1             1             = 
   767 Preced[5,1]                 1             1             = 
   768 Preced[5,2]                 1             1             = 
   769 Preced[5,3]                 1             1             = 
   770 Preced[5,4]                 1             1             = 
   771 Preced[5,6]                 1             1             = 
   772 Preced[5,7]                 1             1             = 
   773 Preced[5,8]                 1             1             = 
   774 Preced[5,9]                 1             1             = 
   775 Preced[5,10]                1             1             = 
   776 Preced[6,1]                 1             1             = 
   777 Preced[6,2]                 1             1             = 
   778 Preced[6,3]                 1             1             = 
   779 Preced[6,4]                 1             1             = 
   780 Preced[6,5]                 1             1             = 
   781 Preced[6,7]                 1             1             = 
   782 Preced[6,8]                 1             1             = 
   783 Preced[6,9]                 1             1             = 
   784 Preced[6,10]                1             1             = 
   785 Preced[7,1]                 1             1             = 
   786 Preced[7,2]                 1             1             = 
   787 Preced[7,3]                 1             1             = 
   788 Preced[7,4]                 1             1             = 
   789 Preced[7,5]                 1             1             = 
   790 Preced[7,6]                 1             1             = 
   791 Preced[7,8]                 1             1             = 
   792 Preced[7,9]                 1             1             = 
   793 Preced[7,10]                1             1             = 
   794 Preced[8,1]                 1             1             = 
   795 Preced[8,2]                 1             1             = 
   796 Preced[8,3]                 1             1             = 
   797 Preced[8,4]                 1             1             = 
   798 Preced[8,5]                 1             1             = 
   799 Preced[8,6]                 1             1             = 
   800 Preced[8,7]                 1             1             = 
   801 Preced[8,9]                 1             1             = 
   802 Preced[8,10]                1             1             = 
   803 Preced[9,1]                 1             1             = 
   804 Preced[9,2]                 1             1             = 
   805 Preced[9,3]                 1             1             = 
   806 Preced[9,4]                 1             1             = 
   807 Preced[9,5]                 1             1             = 
   808 Preced[9,6]                 1             1             = 
   809 Preced[9,7]                 1             1             = 
   810 Preced[9,8]                 1             1             = 
   811 Preced[9,10]                1             1             = 
   812 Preced[10,1]                1             1             = 
   813 Preced[10,2]                1             1             = 
   814 Preced[10,3]                1             1             = 
   815 Preced[10,4]                1             1             = 
   816 Preced[10,5]                1             1             = 
   817 Preced[10,6]                1             1             = 
   818 Preced[10,7]                1             1             = 
   819 Preced[10,8]                1             1             = 
   820 Preced[10,9]                1             1             = 
   821 CompletionTime[1]
                                  24            24             = 
   822 CompletionTime[2]
                                  12            12             = 
   823 CompletionTime[3]
                                  30            30             = 
   824 CompletionTime[4]
                                  15            15             = 
   825 CompletionTime[5]
                                  18            18             = 
   826 CompletionTime[6]
                                   7             7             = 
   827 CompletionTime[7]
                                   8             8             = 
   828 CompletionTime[8]
                                  15            15             = 
   829 CompletionTime[9]
                                  14            14             = 
   830 CompletionTime[10]
                                  22            22             = 
   831 Tardiness[1]              -27           -50               
   832 Tardiness[2]                4           -50               
   833 Tardiness[3]              -75           -90               
   834 Tardiness[4]               16           -70               
   835 Tardiness[5]              -45           -50               
   836 Tardiness[6]               -3           -80               
   837 Tardiness[7]              -98          -100               
   838 Tardiness[8]              -90           -90               
   839 Tardiness[9]             -112          -120               
   840 Tardiness[10]
                                -134          -150               
   841 z2                         31                             
   842 Minmax[1]                   0            -0               
   843 Minmax[2]                   0            -0               
   844 Minmax[3]                   0            -0               
   845 Minmax[4]                   0            -0               
   846 Minmax[5]                   0            -0               
   847 Minmax[6]                   0            -0               
   848 Minmax[7]                   0            -0               
   849 Minmax[8]                   0            -0               
   850 Minmax[9]                   0            -0               
   851 Minmax[10]                  0            -0               

   No. Column name       Activity     Lower bound   Upper bound
------ ------------    ------------- ------------- -------------
     1 x[1,2]       *              1             0             1 
     2 x[2,3]       *              0             0             1 
     3 x[3,1]       *              1             0             1 
     4 x[2,4]       *              1             0             1 
     5 x[4,1]       *              0             0             1 
     6 x[2,5]       *              0             0             1 
     7 x[5,1]       *              1             0             1 
     8 x[2,6]       *              0             0             1 
     9 x[6,1]       *              0             0             1 
    10 x[2,7]       *              0             0             1 
    11 x[7,1]       *              1             0             1 
    12 x[2,8]       *              0             0             1 
    13 x[8,1]       *              1             0             1 
    14 x[2,9]       *              0             0             1 
    15 x[9,1]       *              1             0             1 
    16 x[2,10]      *              0             0             1 
    17 x[10,1]      *              1             0             1 
    18 x[1,3]       *              0             0             1 
    19 x[3,2]       *              1             0             1 
    20 x[2,1]       *              0             0             1 
    21 x[3,4]       *              1             0             1 
    22 x[3,5]       *              1             0             1 
    23 x[3,6]       *              1             0             1 
    24 x[3,7]       *              0             0             1 
    25 x[3,8]       *              0             0             1 
    26 x[3,9]       *              0             0             1 
    27 x[3,10]      *              0             0             1 
    28 x[1,4]       *              1             0             1 
    29 x[4,2]       *              0             0             1 
    30 x[4,3]       *              0             0             1 
    31 x[4,5]       *              0             0             1 
    32 x[4,6]       *              0             0             1 
    33 x[4,7]       *              0             0             1 
    34 x[4,8]       *              0             0             1 
    35 x[4,9]       *              0             0             1 
    36 x[4,10]      *              0             0             1 
    37 x[1,5]       *              0             0             1 
    38 x[5,2]       *              1             0             1 
    39 x[5,3]       *              0             0             1 
    40 x[5,4]       *              1             0             1 
    41 x[5,6]       *              1             0             1 
    42 x[5,7]       *              0             0             1 
    43 x[5,8]       *              0             0             1 
    44 x[5,9]       *              0             0             1 
    45 x[5,10]      *              0             0             1 
    46 x[1,6]       *              1             0             1 
    47 x[6,2]       *              1             0             1 
    48 x[6,3]       *              0             0             1 
    49 x[6,4]       *              1             0             1 
    50 x[6,5]       *              0             0             1 
    51 x[6,7]       *              0             0             1 
    52 x[6,8]       *              0             0             1 
    53 x[6,9]       *              0             0             1 
    54 x[6,10]      *              0             0             1 
    55 x[1,7]       *              0             0             1 
    56 x[7,2]       *              1             0             1 
    57 x[7,3]       *              1             0             1 
    58 x[7,4]       *              1             0             1 
    59 x[7,5]       *              1             0             1 
    60 x[7,6]       *              1             0             1 
    61 x[7,8]       *              1             0             1 
    62 x[7,9]       *              0             0             1 
    63 x[7,10]      *              0             0             1 
    64 x[1,8]       *              0             0             1 
    65 x[8,2]       *              1             0             1 
    66 x[8,3]       *              1             0             1 
    67 x[8,4]       *              1             0             1 
    68 x[8,5]       *              1             0             1 
    69 x[8,6]       *              1             0             1 
    70 x[8,7]       *              0             0             1 
    71 x[8,9]       *              0             0             1 
    72 x[8,10]      *              0             0             1 
    73 x[1,9]       *              0             0             1 
    74 x[9,2]       *              1             0             1 
    75 x[9,3]       *              1             0             1 
    76 x[9,4]       *              1             0             1 
    77 x[9,5]       *              1             0             1 
    78 x[9,6]       *              1             0             1 
    79 x[9,7]       *              1             0             1 
    80 x[9,8]       *              1             0             1 
    81 x[9,10]      *              0             0             1 
    82 x[1,10]      *              0             0             1 
    83 x[10,2]      *              1             0             1 
    84 x[10,3]      *              1             0             1 
    85 x[10,4]      *              1             0             1 
    86 x[10,5]      *              1             0             1 
    87 x[10,6]      *              1             0             1 
    88 x[10,7]      *              1             0             1 
    89 x[10,8]      *              1             0             1 
    90 x[10,9]      *              1             0             1 
    91 x[1,1]       *              0             0             1 
    92 x[2,2]       *              0             0             1 
    93 x[3,3]       *              0             0             1 
    94 x[4,4]       *              0             0             1 
    95 x[5,5]       *              0             0             1 
    96 x[6,6]       *              0             0             1 
    97 x[7,7]       *              0             0             1 
    98 x[8,8]       *              0             0             1 
    99 x[9,9]       *              0             0             1 
   100 x[10,10]     *              0             0             1 
   101 c[1]                       58                             
   102 c[2]                       27                             
   103 c[3]                      106                             
   104 c[4]                       15                             
   105 c[5]                       76                             
   106 c[6]                       34                             
   107 c[7]                      129                             
   108 c[8]                      121                             
   109 c[9]                      143                             
   110 c[10]                     165                             
   111 tard[1]                    31             0               
   112 tard[2]                    31             0               
   113 tard[3]                    31             0               
   114 tard[4]                    31             0               
   115 tard[5]                    31             0               
   116 tard[6]                    31             0               
   117 tard[7]                    31             0               
   118 tard[8]                    31             0               
   119 tard[9]                    31             0               
   120 tard[10]                   31             0               
   121 tmax                       31             0               

Integer feasibility conditions:

KKT.PE: max.abs.err = 0.00e+00 on row 0
        max.rel.err = 0.00e+00 on row 0
        High quality

KKT.PB: max.abs.err = 0.00e+00 on row 0
        max.rel.err = 0.00e+00 on row 0
        High quality

End of output
